# JRE version: OpenJDK Runtime Environment (8.0_76-b03) (build 1.8.0_76-release-b03)
# Java VM: OpenJDK 64-Bit Server VM (25.76-b03 mixed mode linux-amd64 compressed oops)
Heap:
 PSYoungGen      total 170496K, used 0K [0x00000000e0000000, 0x00000000ee100000, 0x0000000100000000)
  eden space 146944K, 0% used [0x00000000e0000000,0x00000000e0000000,0x00000000e8f80000)
  from space 23552K, 0% used [0x00000000e8f80000,0x00000000e8f80000,0x00000000ea680000)
  to   space 25600K, 0% used [0x00000000ec800000,0x00000000ec800000,0x00000000ee100000)
 ParOldGen       total 101376K, used 47005K [0x00000000a0000000, 0x00000000a6300000, 0x00000000e0000000)
  object space 101376K, 46% used [0x00000000a0000000,0x00000000a2de7680,0x00000000a6300000)
 Metaspace       used 57195K, capacity 59158K, committed 59160K, reserved 1099776K
  class space    used 7721K, capacity 8190K, committed 8192K, reserved 1048576K
GC Heap History (10 events):
Event: 10.027 GC heap after
Heap after GC invocations=9 (full 2):
 PSYoungGen      total 103424K, used 0K [0x00000000e0000000, 0x00000000e9800000, 0x0000000100000000)
  eden space 92672K, 0% used [0x00000000e0000000,0x00000000e0000000,0x00000000e5a80000)
  from space 10752K, 0% used [0x00000000e5a80000,0x00000000e5a80000,0x00000000e6500000)
  to   space 12288K, 0% used [0x00000000e8c00000,0x00000000e8c00000,0x00000000e9800000)
 ParOldGen       total 101376K, used 17962K [0x00000000a0000000, 0x00000000a6300000, 0x00000000e0000000)
  object space 101376K, 17% used [0x00000000a0000000,0x00000000a118aa10,0x00000000a6300000)
 Metaspace       used 34541K, capacity 35272K, committed 35496K, reserved 1079296K
  class space    used 4594K, capacity 4821K, committed 4864K, reserved 1048576K
}
Event: 11.532 GC heap before
{Heap before GC invocations=10 (full 2):
 PSYoungGen      total 103424K, used 92672K [0x00000000e0000000, 0x00000000e9800000, 0x0000000100000000)
  eden space 92672K, 100% used [0x00000000e0000000,0x00000000e5a80000,0x00000000e5a80000)
  from space 10752K, 0% used [0x00000000e5a80000,0x00000000e5a80000,0x00000000e6500000)
  to   space 12288K, 0% used [0x00000000e8c00000,0x00000000e8c00000,0x00000000e9800000)
 ParOldGen       total 101376K, used 17962K [0x00000000a0000000, 0x00000000a6300000, 0x00000000e0000000)
  object space 101376K, 17% used [0x00000000a0000000,0x00000000a118aa10,0x00000000a6300000)
 Metaspace       used 38873K, capacity 39744K, committed 40064K, reserved 1083392K
  class space    used 5159K, capacity 5388K, committed 5504K, reserved 1048576K
Event: 11.545 GC heap after
Heap after GC invocations=10 (full 2):
 PSYoungGen      total 135680K, used 9476K [0x00000000e0000000, 0x00000000e9580000, 0x0000000100000000)
  eden space 125952K, 0% used [0x00000000e0000000,0x00000000e0000000,0x00000000e7b00000)
  from space 9728K, 97% used [0x00000000e8c00000,0x00000000e95412f0,0x00000000e9580000)
  to   space 12800K, 0% used [0x00000000e7c80000,0x00000000e7c80000,0x00000000e8900000)
 ParOldGen       total 101376K, used 17970K [0x00000000a0000000, 0x00000000a6300000, 0x00000000e0000000)
  object space 101376K, 17% used [0x00000000a0000000,0x00000000a118ca10,0x00000000a6300000)
 Metaspace       used 38873K, capacity 39744K, committed 40064K, reserved 1083392K
  class space    used 5159K, capacity 5388K, committed 5504K, reserved 1048576K
}
Event: 14.842 GC heap before
{Heap before GC invocations=11 (full 2):
 PSYoungGen      total 135680K, used 135428K [0x00000000e0000000, 0x00000000e9580000, 0x0000000100000000)
  eden space 125952K, 100% used [0x00000000e0000000,0x00000000e7b00000,0x00000000e7b00000)
  from space 9728K, 97% used [0x00000000e8c00000,0x00000000e95412f0,0x00000000e9580000)
  to   space 12800K, 0% used [0x00000000e7c80000,0x00000000e7c80000,0x00000000e8900000)
 ParOldGen       total 101376K, used 17970K [0x00000000a0000000, 0x00000000a6300000, 0x00000000e0000000)
  object space 101376K, 17% used [0x00000000a0000000,0x00000000a118ca10,0x00000000a6300000)
 Metaspace       used 50867K, capacity 52184K, committed 52480K, reserved 1095680K
  class space    used 6784K, capacity 7088K, committed 7168K, reserved 1048576K
Event: 14.888 GC heap after
Heap after GC invocations=11 (full 2):
 PSYoungGen      total 140288K, used 12768K [0x00000000e0000000, 0x00000000eb700000, 0x0000000100000000)
  eden space 127488K, 0% used [0x00000000e0000000,0x00000000e0000000,0x00000000e7c80000)
  from space 12800K, 99% used [0x00000000e7c80000,0x00000000e88f8010,0x00000000e8900000)
  to   space 16896K, 0% used [0x00000000ea680000,0x00000000ea680000,0x00000000eb700000)
 ParOldGen       total 101376K, used 25095K [0x00000000a0000000, 0x00000000a6300000, 0x00000000e0000000)
  object space 101376K, 24% used [0x00000000a0000000,0x00000000a1881fd0,0x00000000a6300000)
 Metaspace       used 50867K, capacity 52184K, committed 52480K, reserved 1095680K
  class space    used 6784K, capacity 7088K, committed 7168K, reserved 1048576K
}
Event: 16.975 GC heap before
{Heap before GC invocations=12 (full 2):
 PSYoungGen      total 140288K, used 140256K [0x00000000e0000000, 0x00000000eb700000, 0x0000000100000000)
  eden space 127488K, 100% used [0x00000000e0000000,0x00000000e7c80000,0x00000000e7c80000)
  from space 12800K, 99% used [0x00000000e7c80000,0x00000000e88f8010,0x00000000e8900000)
  to   space 16896K, 0% used [0x00000000ea680000,0x00000000ea680000,0x00000000eb700000)
 ParOldGen       total 101376K, used 25095K [0x00000000a0000000, 0x00000000a6300000, 0x00000000e0000000)
  object space 101376K, 24% used [0x00000000a0000000,0x00000000a1881fd0,0x00000000a6300000)
 Metaspace       used 55691K, capacity 57272K, committed 57344K, reserved 1099776K
  class space    used 7493K, capacity 7864K, committed 7936K, reserved 1048576K
Event: 17.018 GC heap after
Heap after GC invocations=12 (full 2):
 PSYoungGen      total 163840K, used 16864K [0x00000000e0000000, 0x00000000ec800000, 0x0000000100000000)
  eden space 146944K, 0% used [0x00000000e0000000,0x00000000e0000000,0x00000000e8f80000)
  from space 16896K, 99% used [0x00000000ea680000,0x00000000eb6f8208,0x00000000eb700000)
  to   space 23552K, 0% used [0x00000000e8f80000,0x00000000e8f80000,0x00000000ea680000)
 ParOldGen       total 101376K, used 37452K [0x00000000a0000000, 0x00000000a6300000, 0x00000000e0000000)
  object space 101376K, 36% used [0x00000000a0000000,0x00000000a2493358,0x00000000a6300000)
 Metaspace       used 55691K, capacity 57272K, committed 57344K, reserved 1099776K
  class space    used 7493K, capacity 7864K, committed 7936K, reserved 1048576K
}
Event: 23.685 GC heap before
{Heap before GC invocations=13 (full 2):
 PSYoungGen      total 163840K, used 84160K [0x00000000e0000000, 0x00000000ec800000, 0x0000000100000000)
  eden space 146944K, 45% used [0x00000000e0000000,0x00000000e41b7f68,0x00000000e8f80000)
  from space 16896K, 99% used [0x00000000ea680000,0x00000000eb6f8208,0x00000000eb700000)
  to   space 23552K, 0% used [0x00000000e8f80000,0x00000000e8f80000,0x00000000ea680000)
 ParOldGen       total 101376K, used 37452K [0x00000000a0000000, 0x00000000a6300000, 0x00000000e0000000)
  object space 101376K, 36% used [0x00000000a0000000,0x00000000a2493358,0x00000000a6300000)
 Metaspace       used 57195K, capacity 59158K, committed 59160K, reserved 1099776K
  class space    used 7721K, capacity 8190K, committed 8192K, reserved 1048576K
Event: 23.741 GC heap after
Heap after GC invocations=13 (full 2):
 PSYoungGen      total 170496K, used 19869K [0x00000000e0000000, 0x00000000ee100000, 0x0000000100000000)
  eden space 146944K, 0% used [0x00000000e0000000,0x00000000e0000000,0x00000000e8f80000)
  from space 23552K, 84% used [0x00000000e8f80000,0x00000000ea2e7510,0x00000000ea680000)
  to   space 25600K, 0% used [0x00000000ec800000,0x00000000ec800000,0x00000000ee100000)
 ParOldGen       total 101376K, used 37460K [0x00000000a0000000, 0x00000000a6300000, 0x00000000e0000000)
  object space 101376K, 36% used [0x00000000a0000000,0x00000000a2495358,0x00000000a6300000)
 Metaspace       used 57195K, capacity 59158K, committed 59160K, reserved 1099776K
  class space    used 7721K, capacity 8190K, committed 8192K, reserved 1048576K
}
Event: 23.741 GC heap before
{Heap before GC invocations=14 (full 3):
 PSYoungGen      total 170496K, used 19869K [0x00000000e0000000, 0x00000000ee100000, 0x0000000100000000)
  eden space 146944K, 0% used [0x00000000e0000000,0x00000000e0000000,0x00000000e8f80000)
  from space 23552K, 84% used [0x00000000e8f80000,0x00000000ea2e7510,0x00000000ea680000)
  to   space 25600K, 0% used [0x00000000ec800000,0x00000000ec800000,0x00000000ee100000)
 ParOldGen       total 101376K, used 37460K [0x00000000a0000000, 0x00000000a6300000, 0x00000000e0000000)
  object space 101376K, 36% used [0x00000000a0000000,0x00000000a2495358,0x00000000a6300000)
 Metaspace       used 57195K, capacity 59158K, committed 59160K, reserved 1099776K
  class space    used 7721K, capacity 8190K, committed 8192K, reserved 1048576K

